Options:
  -b <buffer size> Bytes to allocate per repetition
  -hr <num rep>    Number of repetitions at host
  -tr <num rep>    Number of repetitions at target
  -to <ms>         Timeout duration of target task in ms
  -pi <ms>         Polling interval at target task in ms

Running:
  task_extlib.bin -b 1029400 -hr 100 -tr 10 -to 10000 -pi 300

[ host ] DEBUG   [ 16547.050229 ] oam_vsmem.c                     :118   | oam_vsmem__symmetric_malloc(1029400) -> 0x0xa078b000

[ host ] DEBUG   [ 16547.050272 ] oam_vsmem.c                     :118   | oam_vsmem__symmetric_malloc(1029400) -> 0x0xa0886580

[ host ] DEBUG   [ 16547.084744 ] oam_vsmem.c                     :118   | oam_vsmem__symmetric_malloc(32) -> 0x0xa0981b00

[ host ] [ [ 16547.085s ] >> decode(): devices: 1 default device: 0 initial device: yes
16547.085s ]   0% completed
	OCL Device 0 created
Searching for [0xa0981b00:32] [0]
DR:initMap [0xa0981b00:32] H<->T,tgt data
	OCL Create B:0x9f3196e4 CMEM
Searching for [0x9fcfeb88:4] [0]
DR:initMap [0x9fcfeb88:4] mapptr,tgt data
	OCL Create B:0x9f31bce4
Searching for [0x9fcfeb18:4] [0]
DR:initMap [0x9fcfeb18:4] H<-T,tgt data
	OCL Create B:0x9f31bde4
Searching for [0xa0886580:1029400] [0]
DR:initMap [0xa0886580:1029400] H<-T,tgt data
	OCL Create B:0x9f3624e4 CMEM
Searching for [0x9fcfeb10:4] [0]
DR:initMap [0x9fcfeb10:4] mapptr,tgt data
	OCL Create B:0x9f3625c4
Searching for [0x9fcfeb0c:4] [0]
DR:initMap [0x9fcfeb0c:4] H->T,tgt data
	OCL Create B:0x9f35a4d4
Searching for [0xa078b000:1029400] [0]
DR:initMap [0xa078b000:1029400] H->T,tgt data
	OCL Create B:0x9f35a58c CMEM
Searching for [0x9fcfeb14:4] [0]
DR:initMap [0x9fcfeb14:4] mapptr,tgt data
	OCL Create B:0x9f316484
	OCL: wbInv on [0xa078b000:1029400] H->T,tgt data
	OCL: wbInv on [0xa0886580:1029400] H<->T,tgt data
	OCL: wbInv on [0xa0981b00:32] H<->T,tgt data
RS: pushing [0x9f300468]
[ 16547.115s ] >> oam_task__start
Searching for [0xa0981b00:32] [1]
DR: found in [0xa0981b00:32] H<->T,tgt data
Searching for [0x9fcfeaa4:4] [1]
DR:initMap [0x9fcfeaa4:4] mapptr,tgt data
	OCL Create B:0x9f316744
RS: pushing [0x9f35a658]
Searching for [0xa0981b00:32] [2]
	OCL Retain B:0x9f3196e4
DR:updateMap [0xa0981b00:32] H->T,tgt data
	OCL: wbInv on [0xa0981b00:32] H->T,tgt data
	OCL Release B:0x9f3196e4
Searching for [0x9fcfeaa4:4] [2]
	OCL Retain B:0x9f316744
DR:updateMap [0x9fcfeaa4:4] mapptr,tgt data
	OCL Release B:0x9f316744
RS: popping [0x9f35a658]
	OCL Release B:0x9f316744
[ 16547.116s ] >> oam_task__flush_signals
[ 16547.116s ] << target data section: step 1
TR:initMap [0x9fcfea78:4] H<->T,tgt
Searching for [0x9fcfea78:4] [1]
	OCL Create B:0x9f316744
TR:initMap [0xa0981b00:32] H<->T,tgt
Searching for [0xa0981b00:32] [1]
TR: found [0xa0981b00:32] H<->T,tgt data for [0xa0981b00:32]
	OCL Retain B:0x9f3196e4
TR:initMap [0x9fcfeaf8:4] mapptr,tgt
Searching for [0x9fcfeaf8:4] [1]
	OCL Create B:0x9f316a6c
TR:initMap [0x9fcfea8c:4] H<-T,tgt
Searching for [0x9fcfea8c:4] [1]
	OCL Create B:0x9f3174a4
TR:initMap [0xa0886580:1029400] H<-T,tgt
Searching for [0xa0886580:1029400] [1]
TR: found [0xa0886580:1029400] H<->T,tgt data for [0xa0886580:1029400]
	OCL Retain B:0x9f3624e4
TR:initMap [0x9fcfea80:4] mapptr,tgt
Searching for [0x9fcfea80:4] [1]
	OCL Create B:0x9f3177ac
TR:initMap [0x9fcfea7c:4] H->T,tgt
Searching for [0x9fcfea7c:4] [1]
	OCL Create B:0x9f3178ac
TR:initMap [0xa078b000:1029400] H->T,tgt
Searching for [0xa078b000:1029400] [1]
TR: found [0xa078b000:1029400] H->T,tgt data for [0xa078b000:1029400]
	OCL Retain B:0x9f35a58c
TR:initMap [0x9fcfea84:4] mapptr,tgt
Searching for [0x9fcfea84:4] [1]
	OCL Create B:0x9f317dec
	OclDevice::Initialize kernel
  Arg[0]: 0x9f316744
  Arg[1]: 0x9f3196e4
  Arg[2]: 0x9f316a6c
  Arg[3]: bias 0
  Arg[4]: 0x9f3174a4
  Arg[5]: 0x9f3624e4
  Arg[6]: 0x9f3177ac
  Arg[7]: bias 0
  Arg[8]: 0x9f3178ac
  Arg[9]: 0x9f35a58c
  Arg[10]: 0x9f317dec
  Arg[11]: bias 0
	TargetRegion::Host -> Target
	OclDevice::Execute kernel
[core 0] [ 0.130s ] >> decoder_body: 16547.115 max.ms: 10 -> time limit: 16557.115 repeats: 10
[core 0] [ 0.130s ] >> decoder_body: processor cores: 2 max. number of OpenMP threads: 2
[core 1] [ 0.129s ] ++ decoder_body: 514701 / 1029399, acc:0, param:0
[core 0] [ 0.130s ] ++ decoder_body: 0 / 1029399, acc:0, param:0
	OclDevice::Execute kernel waiting...
[ host ] [ 16547.339s ]  10% completed
[core 1] [ 0.347s ] ++ decoder_body: 617641 / 1029399, acc:2, param:0
[core 0] [ 0.351s ] ++ decoder_body: 102940 / 1029399, acc:3, param:0
[ host ] [ 16547.555s ]  20% completed
[core 1] [ 0.566s ] ++ decoder_body: 720581 / 1029399, acc:4, param:0
[core 0] [ 0.571s ] ++ decoder_body: 205880 / 1029399, acc:5, param:0
[core 1] [ 0.784s ] ++ decoder_body: 823521 / 1029399, acc:6, param:0
[core 0] [ 0.791s ] ++ decoder_body: 308820 / 1029399, acc:7, param:0
[ host ] [ 16547.786s ]  30% completed
[core 1] [ 1.003s ] ++ decoder_body: 926461 / 1029399, acc:8, param:0
[core 0] [ 1.012s ] ++ decoder_body: 411760 / 1029399, acc:9, param:0
[ host ] [ 16548.029s ]  40% completed
[core 0] [ 1.232s ] << target section: leaving, acc:10, param:0
	OclDevice::Release kernel events
	OclDevice::Execute kernel complete
	TargetRegion::Target -> Host
	OCL Release B:0x9f316744
	OCL Release B:0x9f3196e4
	OCL Release B:0x9f316a6c
	OCL Release B:0x9f3174a4
	OCL Release B:0x9f3624e4
	OCL Release B:0x9f3177ac
	OCL Release B:0x9f3178ac
	OCL Release B:0x9f35a58c
	OCL Release B:0x9f317dec
Searching for [0xa0981b00:32] [1]
DR: found in [0xa0981b00:32] H<->T,tgt data
Searching for [0x9fcfea94:4] [1]
DR:initMap [0x9fcfea94:4] mapptr,tgt data
	OCL Create B:0x9f318b2c
RS: pushing [0x9f317fe0]
Searching for [0xa0981b00:32] [2]
	OCL Retain B:0x9f3196e4
DR:updateMap [0xa0981b00:32] H->T,tgt data
	OCL: wbInv on [0xa0981b00:32] H->T,tgt data
	OCL Release B:0x9f3196e4
Searching for [0x9fcfea94:4] [2]
	OCL Retain B:0x9f318b2c
DR:updateMap [0x9fcfea94:4] mapptr,tgt data
	OCL Release B:0x9f318b2c
RS: popping [0x9f317fe0]
	OCL Release B:0x9f318b2c
[ 16548.225s ] >> oam_task__flush_signals
[ 16548.225s ] << target data section: leaving, acc:10, param:0
RS: popping [0x9f300468]
	OCL Release B:0x9f35a4d4
	OCL Release B:0x9f3625c4
	OCL Release B:0x9f316484
	OCL Release B:0x9f31bde4
	OCL Release B:0x9f31bce4
	OCL Release B:0x9f35a58c
	OCL Release B:0x9f3624e4
	OCL Release B:0x9f3196e4
[ host ] [ 16548.310s ]  50% completed
[ host ] [ 16548.554s ]  60% completed
[ host ] [ 16548.813s ]  70% completed
[ host ] [ 16549.073s ]  80% completed
[ host ] [ 16549.334s ]  90% completed
[ host ] -- [ 16549.601s ] Setting param to 555
Searching for [0xa0981b00:32] [0]
DR:initMap [0xa0981b00:32] H->T,tgt data
	OCL Create B:0x6d61c CMEM
Searching for [0xbebe6a14:4] [0]
DR:initMap [0xbebe6a14:4] mapptr,tgt data
	OCL Create B:0x6d75c
	OCL: wbInv on [0xa0981b00:32] H->T,tgt data
RS: pushing [0x6d518]
Searching for [0xa0981b00:32] [1]
	OCL Retain B:0x6d61c
DR:updateMap [0xa0981b00:32] H->T,tgt data
	OCL: wbInv on [0xa0981b00:32] H->T,tgt data
	OCL Release B:0x6d61c
Searching for [0xbebe6a14:4] [1]
	OCL Retain B:0x6d75c
DR:updateMap [0xbebe6a14:4] mapptr,tgt data
	OCL Release B:0x6d75c
RS: popping [0x6d518]
	OCL Release B:0x6d61c
	OCL Release B:0x6d75c
[ 16549.606s ] >> oam_task__flush_signals
[ host ] [ 16549.606s ]   0% completed
[ host ] [ 16549.788s ]  10% completed
[ host ] [ 16550.003s ]  20% completed
[ host ] [ 16550.221s ]  30% completed
[ host ] [ 16550.457s ]  40% completed
[ host ] [ 16550.707s ]  50% completed
[ host ] [ 16550.950s ]  60% completed
[ host ] [ 16551.202s ]  70% completed
[ host ] [ 16551.461s ]  80% completed
[ host ] [ 16551.727s ]  90% completed
[ host ] -- [ 16551.985s ] Setting param to 999
[ host ] -- [ 16551.986s ] Completed target task
[ host ] -- Task exit code:        (2):TIMEOUT

[ host ] -- The irrelevant result: 514815
[ host ] DEBUG   [ 16551.990042 ] oam_vsmem.c                     :125   | oam_vsmem__free(0x0xa0981b00)

[ host ] DEBUG   [ 16551.990079 ] oam_vsmem.c                     :125   | oam_vsmem__free(0x0xa078b000)

[ host ] DEBUG   [ 16551.990098 ] oam_vsmem.c                     :125   | oam_vsmem__free(0x0xa0886580)

